<?xml version="1.0" encoding="UTF-8"?>
<testsuite name="TestSuite" time="56.015" tests="13" errors="0" skipped="0" failures="0">
  <properties>
[...]
</properties>
  <testcase name="CE-5 Check the possibility of choosing the Application item of the Entity Type dropdown box" classname="net.test.CreateEntityTest" time="5.848"/>
  <testcase name="CE-7 Check the possibility of choosing the Business Process item of the Entity Type dropdown box" classname="net.test.CreateEntityTest" time="4.575"/>
  <testcase name="CE-4 Check the possibility of choosing the Database item of the Entity Type dropdown box" classname="net.test.CreateEntityTest" time="3.322"/>
  <testcase name="CE-6 Check the possibility of choosing the Hardware item of the Entity Type dropdown box" classname="net.test.CreateEntityTest" time="3.693"/>
  <testcase name="CE-3 Check the possibility of choosing the Server item of the Entity Type dropdown box" classname="net.test.CreateEntityTest" time="5.218"/>
  <testcase name="CE-2 Check the possibility of choosing in the Entity Type dropdown  box" classname="net.test.CreateEntityTest" time="0.555"/>
  <testcase name="CE-1 Check the possibility to create entity without filling in the required data" classname="net.test.CreateEntityTest" time="1.233"/>
  <testcase name="CE-12 Check if a warning is displayed if you exceed the maximum number of characters allowed in the Blackbox Name field" classname="net.test.CreateEntityTest" time="2.532"/>
  <testcase name="CE-9 Check if a warning is displayed after you exceeded the maximum number of characters allowed in the Name field" classname="net.test.CreateEntityTest" time="7.71"/>
  <testcase name="CE-8 Check if the Name field works correctly" classname="net.test.CreateEntityTest" time="4.963"/>
  <testcase name="CE-11 Check if the field Blackbox works correctly if the Private box is checked" classname="net.test.CreateEntityTest" time="4.736"/>
  <testcase name="CE-13 Check the possibility to create entity if you fill valid data in all required fields" classname="net.test.CreateEntityTest" time="6.67"/>
  <testcase name="CE-10 Check if a warning is displayed when you leave the Blackbox Name field empty after selecting  the Private check box" classname="net.test.CreateEntityTest" time="4.96"/>
</testsuite>